Arguments: 
  /usr/local/bin/node /Users/robertfaso/.yarn/bin/yarn.js add moment

PATH: 
  /Users/robertfaso/.yarn/bin:/usr/bin:/bin:/usr/sbin:/sbin:/usr/local/bin

Yarn version: 
  0.19.1

Node version: 
  6.9.4

Platform: 
  darwin x64

npm manifest: 
  {
    "dependencies": {
      "avow": "https://github.com/tiyindyfee/avow"
    }
  }

yarn manifest: 
  No manifest

Lockfile: 
  # THIS IS AN AUTOGENERATED FILE. DO NOT EDIT THIS FILE DIRECTLY.
  # yarn lockfile v1
  
  
  "avow@https://github.com/tiyindyfee/avow":
    version "1.0.1"
    resolved "https://github.com/tiyindyfee/avow#309683ae8a9840f09ebf5cb861312a1a19ae63ad"
    dependencies:
      avow "https://github.com/tiyindyfee/avow"

Trace: 
  Error: EACCES: permission denied, unlink '/Users/robertfaso/Documents/TheIronYard/w3/d4-pass-tests/node_modules/.yarn-integrity'
      at Error (native)
